<?xml version="1.0" encoding="UTF-8"?>
<testng-results ignored="0" total="7" passed="6" failed="1" skipped="0">
  <reporter-output>
  </reporter-output>
  <suite started-at="2024-10-11T15:30:44 IST" name="Suite" finished-at="2024-10-11T15:30:55 IST" duration-ms="11610">
    <groups>
    </groups>
    <test started-at="2024-10-11T15:30:44 IST" name="Test" finished-at="2024-10-11T15:30:55 IST" duration-ms="11427">
      <class name="api.tests.TestUser">
        <test-method is-config="true" signature="setData()[pri:0, instance:api.tests.TestUser@66982506]" started-at="2024-10-11T15:30:44 IST" name="setData" finished-at="2024-10-11T15:30:44 IST" duration-ms="34" status="PASS">
          <reporter-output>
          </reporter-output>
        </test-method> <!-- setData -->
        <test-method signature="testPostUser(org.testng.ITestContext)[pri:1, instance:api.tests.TestUser@66982506]" started-at="2024-10-11T15:30:44 IST" name="testPostUser" finished-at="2024-10-11T15:30:48 IST" duration-ms="4381" status="PASS">
          <params>
            <param index="0">
              <value>
                <![CDATA[org.testng.TestRunner@479cbee5]]>
              </value>
            </param>
          </params>
          <reporter-output>
          </reporter-output>
        </test-method> <!-- testPostUser -->
        <test-method signature="testGetUser()[pri:2, instance:api.tests.TestUser@66982506]" started-at="2024-10-11T15:30:48 IST" name="testGetUser" finished-at="2024-10-11T15:30:49 IST" duration-ms="1241" status="PASS">
          <reporter-output>
          </reporter-output>
        </test-method> <!-- testGetUser -->
        <test-method signature="testUpdateUser()[pri:3, instance:api.tests.TestUser@66982506]" started-at="2024-10-11T15:30:49 IST" name="testUpdateUser" finished-at="2024-10-11T15:30:51 IST" duration-ms="1217" status="PASS">
          <reporter-output>
          </reporter-output>
        </test-method> <!-- testUpdateUser -->
        <test-method signature="testGetUser2()[pri:4, instance:api.tests.TestUser@66982506]" started-at="2024-10-11T15:30:51 IST" name="testGetUser2" finished-at="2024-10-11T15:30:53 IST" duration-ms="2010" status="PASS">
          <reporter-output>
          </reporter-output>
        </test-method> <!-- testGetUser2 -->
        <test-method signature="testDeleteUser()[pri:5, instance:api.tests.TestUser@66982506]" started-at="2024-10-11T15:30:53 IST" name="testDeleteUser" finished-at="2024-10-11T15:30:54 IST" duration-ms="1173" status="PASS">
          <reporter-output>
          </reporter-output>
        </test-method> <!-- testDeleteUser -->
        <test-method signature="testGetUser3()[pri:6, instance:api.tests.TestUser@66982506]" started-at="2024-10-11T15:30:54 IST" name="testGetUser3" finished-at="2024-10-11T15:30:55 IST" duration-ms="1235" status="FAIL">
          <exception class="java.lang.AssertionError">
            <message>
              <![CDATA[expected [200] but found [404]]]>
            </message>
            <full-stacktrace>
              <![CDATA[java.lang.AssertionError: expected [200] but found [404]
at org.testng.Assert.fail(Assert.java:111)
at org.testng.Assert.failNotEquals(Assert.java:1578)
at org.testng.Assert.assertEqualsImpl(Assert.java:150)
at org.testng.Assert.assertEquals(Assert.java:132)
at org.testng.Assert.assertEquals(Assert.java:1419)
at org.testng.Assert.assertEquals(Assert.java:1383)
at org.testng.Assert.assertEquals(Assert.java:1429)
at api.tests.TestUser.testGetUser3(TestUser.java:85)
at java.base/jdk.internal.reflect.NativeMethodAccessorImpl.invoke0(Native Method)
at java.base/jdk.internal.reflect.NativeMethodAccessorImpl.invoke(NativeMethodAccessorImpl.java:62)
at java.base/jdk.internal.reflect.DelegatingMethodAccessorImpl.invoke(DelegatingMethodAccessorImpl.java:43)
at java.base/java.lang.reflect.Method.invoke(Method.java:566)
at org.testng.internal.invokers.MethodInvocationHelper.invokeMethod(MethodInvocationHelper.java:141)
at org.testng.internal.invokers.TestInvoker.invokeMethod(TestInvoker.java:686)
at org.testng.internal.invokers.TestInvoker.invokeTestMethod(TestInvoker.java:230)
at org.testng.internal.invokers.MethodRunner.runInSequence(MethodRunner.java:63)
at org.testng.internal.invokers.TestInvoker$MethodInvocationAgent.invoke(TestInvoker.java:992)
at org.testng.internal.invokers.TestInvoker.invokeTestMethods(TestInvoker.java:203)
at org.testng.internal.invokers.TestMethodWorker.invokeTestMethods(TestMethodWorker.java:154)
at org.testng.internal.invokers.TestMethodWorker.run(TestMethodWorker.java:134)
at java.base/java.util.ArrayList.forEach(ArrayList.java:1541)
at org.testng.TestRunner.privateRun(TestRunner.java:739)
at org.testng.TestRunner.run(TestRunner.java:614)
at org.testng.SuiteRunner.runTest(SuiteRunner.java:421)
at org.testng.SuiteRunner.runSequentially(SuiteRunner.java:413)
at org.testng.SuiteRunner.privateRun(SuiteRunner.java:373)
at org.testng.SuiteRunner.run(SuiteRunner.java:312)
at org.testng.SuiteRunnerWorker.runSuite(SuiteRunnerWorker.java:52)
at org.testng.SuiteRunnerWorker.run(SuiteRunnerWorker.java:95)
at org.testng.TestNG.runSuitesSequentially(TestNG.java:1274)
at org.testng.TestNG.runSuitesLocally(TestNG.java:1208)
at org.testng.TestNG.runSuites(TestNG.java:1112)
at org.testng.TestNG.run(TestNG.java:1079)
at org.testng.remote.AbstractRemoteTestNG.run(AbstractRemoteTestNG.java:115)
at org.testng.remote.RemoteTestNG.initAndRun(RemoteTestNG.java:293)
at org.testng.remote.RemoteTestNG.main(RemoteTestNG.java:91)
]]>
            </full-stacktrace>
          </exception> <!-- java.lang.AssertionError -->
          <reporter-output>
          </reporter-output>
        </test-method> <!-- testGetUser3 -->
      </class> <!-- api.tests.TestUser -->
    </test> <!-- Test -->
    <test started-at="2024-10-11T15:30:55 IST" name="Test2" finished-at="2024-10-11T15:30:55 IST" duration-ms="23">
      <class name="api.tests.Test2User">
        <test-method signature="m1(org.testng.ITestContext)[pri:0, instance:api.tests.Test2User@6b09fb41]" started-at="2024-10-11T15:30:55 IST" name="m1" finished-at="2024-10-11T15:30:55 IST" duration-ms="7" status="PASS">
          <params>
            <param index="0">
              <value>
                <![CDATA[org.testng.TestRunner@700b9e6b]]>
              </value>
            </param>
          </params>
          <reporter-output>
          </reporter-output>
        </test-method> <!-- m1 -->
      </class> <!-- api.tests.Test2User -->
    </test> <!-- Test2 -->
  </suite> <!-- Suite -->
</testng-results>
